Traceback (most recent call last):
  File "C:\Users\lcisn\AppData\Local\Programs\Python\Python38\lib\site-packages\jupyter_cache\executors\utils.py", line 58, in single_nb_execution
    executenb(
  File "C:\Users\lcisn\AppData\Local\Programs\Python\Python38\lib\site-packages\nbclient\client.py", line 1263, in execute
    return NotebookClient(nb=nb, resources=resources, km=km, **kwargs).execute()
  File "C:\Users\lcisn\AppData\Local\Programs\Python\Python38\lib\site-packages\nbclient\util.py", line 85, in wrapped
    return just_run(coro(*args, **kwargs))
  File "C:\Users\lcisn\AppData\Local\Programs\Python\Python38\lib\site-packages\nbclient\util.py", line 60, in just_run
    return loop.run_until_complete(coro)
  File "C:\Users\lcisn\AppData\Local\Programs\Python\Python38\lib\asyncio\base_events.py", line 616, in run_until_complete
    return future.result()
  File "C:\Users\lcisn\AppData\Local\Programs\Python\Python38\lib\site-packages\nbclient\client.py", line 701, in async_execute
    await self.async_execute_cell(
  File "C:\Users\lcisn\AppData\Local\Programs\Python\Python38\lib\site-packages\nbclient\client.py", line 1019, in async_execute_cell
    await self._check_raise_for_error(cell, cell_index, exec_reply)
  File "C:\Users\lcisn\AppData\Local\Programs\Python\Python38\lib\site-packages\nbclient\client.py", line 913, in _check_raise_for_error
    raise CellExecutionError.from_cell_and_msg(cell, exec_reply_content)
nbclient.exceptions.CellExecutionError: An error occurred while executing the following cell:
------------------
%Programa para calcular el volumen de un cilindro
clear
close all
clc
disp("Proporcione el radio de la base")
r=input("r=")
disp("Proporcione la altura del cilindro")
h=input("h=")
volumen=(pi*r^2)*h;
disp("El volumen del cilindro es:")
volumen
------------------

<
t
r
a
c
e
b
a
c
k
 
o
b
j
e
c
t
 
a
t
 
0
x
0
0
0
0
0
2
0
7
2
A
8
0
D
3
4
0
>
: raw_input was called, but this frontend does not support input requests.

